  [1m[36m (25.4ms)[0m  [1mCREATE TABLE "schema_migrations" ("version" character varying(255) NOT NULL) [0m
  [1m[35m (2.4ms)[0m  CREATE UNIQUE INDEX  "unique_schema_migrations" ON "schema_migrations"  ("version")
  [1m[36mActiveRecord::SchemaMigration Load (0.2ms)[0m  [1mSELECT "schema_migrations".* FROM "schema_migrations"[0m
Migrating to CreateUsers (20161214144345)
  [1m[35m (0.2ms)[0m  BEGIN
  [1m[36m (16.5ms)[0m  [1mCREATE TABLE "users" ("id" serial primary key, "first_name" character varying(255), "last_name" character varying(255), "email" character varying(255), "city" character varying(255), "state" character varying(255), "birthday" timestamp, "password_digest" character varying(255), "created_at" timestamp, "updated_at" timestamp) [0m
  [1m[35mSQL (0.3ms)[0m  INSERT INTO "schema_migrations" ("version") VALUES ($1)  [["version", "20161214144345"]]
  [1m[36m (6.0ms)[0m  [1mCOMMIT[0m
  [1m[35mActiveRecord::SchemaMigration Load (0.2ms)[0m  SELECT "schema_migrations".* FROM "schema_migrations"
  [1m[36mActiveRecord::SchemaMigration Load (0.7ms)[0m  [1mSELECT "schema_migrations".* FROM "schema_migrations"[0m
Migrating to AddDescriptionForusers (20161214165413)
  [1m[35m (0.1ms)[0m  BEGIN
  [1m[36m (0.9ms)[0m  [1mALTER TABLE "users" ADD COLUMN "description" text[0m
  [1m[35mSQL (0.3ms)[0m  INSERT INTO "schema_migrations" ("version") VALUES ($1)  [["version", "20161214165413"]]
  [1m[36m (6.3ms)[0m  [1mCOMMIT[0m
  [1m[35mActiveRecord::SchemaMigration Load (0.3ms)[0m  SELECT "schema_migrations".* FROM "schema_migrations"


Started GET "/" for 127.0.0.1 at 2016-12-14 11:11:48 -0600
  [1m[36mActiveRecord::SchemaMigration Load (0.3ms)[0m  [1mSELECT "schema_migrations".* FROM "schema_migrations"[0m
Processing by SessionsController#index as HTML
  Rendered sessions/index.html.erb within layouts/application (22.2ms)
Completed 500 Internal Server Error in 41ms

ActionView::Template::Error (undefined local variable or method `us_states' for #<#<Class:0x007ffdaaae8da0>:0x007ffdaaae83f0>):
    29:         <td>
    30:           <input type="text" name="user[city]" placeholder="City" size="12"/>
    31:           <select name="user[state]">
    32:             <% us_states.each do |state| %>
    33:               <option value="<%=state[1]%>"><%=state[1]%></option>
    34:             <% end %>
    35:           </select>
  app/views/sessions/index.html.erb:32:in `_app_views_sessions_index_html_erb__3540391815938513030_70363721986620'


  Rendered /Users/shinyitan/.rvm/gems/ruby-2.2.4/gems/actionpack-4.1.8/lib/action_dispatch/middleware/templates/rescues/_trace.html.erb (1.0ms)
  Rendered /Users/shinyitan/.rvm/gems/ruby-2.2.4/gems/actionpack-4.1.8/lib/action_dispatch/middleware/templates/rescues/_request_and_response.html.erb (0.8ms)
  Rendered /Users/shinyitan/.rvm/gems/ruby-2.2.4/gems/actionpack-4.1.8/lib/action_dispatch/middleware/templates/rescues/template_error.html.erb within rescues/layout (31.2ms)


Started GET "/" for 127.0.0.1 at 2016-12-14 11:12:35 -0600
Processing by SessionsController#index as HTML
  Rendered sessions/index.html.erb within layouts/application (1.0ms)
Completed 200 OK in 1014ms (Views: 1013.2ms | ActiveRecord: 0.0ms)


Started GET "/assets/sessions.css?body=1" for 127.0.0.1 at 2016-12-14 11:12:36 -0600


Started GET "/assets/users.css?body=1" for 127.0.0.1 at 2016-12-14 11:12:36 -0600


Started GET "/assets/application.css?body=1" for 127.0.0.1 at 2016-12-14 11:12:36 -0600


Started GET "/assets/jquery.js?body=1" for 127.0.0.1 at 2016-12-14 11:12:36 -0600


Started GET "/assets/jquery_ujs.js?body=1" for 127.0.0.1 at 2016-12-14 11:12:36 -0600


Started GET "/assets/turbolinks.js?body=1" for 127.0.0.1 at 2016-12-14 11:12:36 -0600


Started GET "/assets/sessions.js?body=1" for 127.0.0.1 at 2016-12-14 11:12:36 -0600


Started GET "/assets/users.js?body=1" for 127.0.0.1 at 2016-12-14 11:12:36 -0600


Started GET "/assets/application.js?body=1" for 127.0.0.1 at 2016-12-14 11:12:36 -0600


Started GET "/" for 127.0.0.1 at 2016-12-14 11:13:07 -0600
Processing by SessionsController#index as HTML
  Rendered sessions/index.html.erb within layouts/application (1.1ms)
Completed 200 OK in 37ms (Views: 36.8ms | ActiveRecord: 0.0ms)


Started GET "/assets/users.css?body=1" for 127.0.0.1 at 2016-12-14 11:13:07 -0600


Started GET "/assets/application.css?body=1" for 127.0.0.1 at 2016-12-14 11:13:07 -0600


Started GET "/assets/jquery.js?body=1" for 127.0.0.1 at 2016-12-14 11:13:07 -0600


Started GET "/assets/jquery_ujs.js?body=1" for 127.0.0.1 at 2016-12-14 11:13:07 -0600


Started GET "/assets/turbolinks.js?body=1" for 127.0.0.1 at 2016-12-14 11:13:07 -0600


Started GET "/assets/sessions.js?body=1" for 127.0.0.1 at 2016-12-14 11:13:07 -0600


Started GET "/assets/users.js?body=1" for 127.0.0.1 at 2016-12-14 11:13:07 -0600


Started GET "/assets/application.js?body=1" for 127.0.0.1 at 2016-12-14 11:13:07 -0600


Started GET "/" for 127.0.0.1 at 2016-12-14 11:13:24 -0600
Processing by SessionsController#index as HTML
  Rendered sessions/index.html.erb within layouts/application (1.5ms)
Completed 200 OK in 59ms (Views: 58.5ms | ActiveRecord: 0.0ms)


Started GET "/assets/application.css?body=1" for 127.0.0.1 at 2016-12-14 11:13:24 -0600


Started GET "/assets/users.css?body=1" for 127.0.0.1 at 2016-12-14 11:13:24 -0600


Started GET "/assets/jquery.js?body=1" for 127.0.0.1 at 2016-12-14 11:13:24 -0600


Started GET "/assets/jquery_ujs.js?body=1" for 127.0.0.1 at 2016-12-14 11:13:24 -0600


Started GET "/assets/sessions.js?body=1" for 127.0.0.1 at 2016-12-14 11:13:24 -0600


Started GET "/assets/turbolinks.js?body=1" for 127.0.0.1 at 2016-12-14 11:13:24 -0600


Started GET "/assets/users.js?body=1" for 127.0.0.1 at 2016-12-14 11:13:24 -0600


Started GET "/assets/application.js?body=1" for 127.0.0.1 at 2016-12-14 11:13:24 -0600


Started GET "/" for 127.0.0.1 at 2016-12-14 11:13:31 -0600
Processing by SessionsController#index as HTML
  Rendered sessions/index.html.erb within layouts/application (1.0ms)
Completed 200 OK in 45ms (Views: 44.9ms | ActiveRecord: 0.0ms)


Started GET "/assets/users.css?body=1" for 127.0.0.1 at 2016-12-14 11:13:31 -0600


Started GET "/assets/application.css?body=1" for 127.0.0.1 at 2016-12-14 11:13:31 -0600


Started GET "/assets/jquery.js?body=1" for 127.0.0.1 at 2016-12-14 11:13:31 -0600


Started GET "/assets/jquery_ujs.js?body=1" for 127.0.0.1 at 2016-12-14 11:13:31 -0600


Started GET "/assets/sessions.js?body=1" for 127.0.0.1 at 2016-12-14 11:13:31 -0600


Started GET "/assets/turbolinks.js?body=1" for 127.0.0.1 at 2016-12-14 11:13:31 -0600


Started GET "/assets/users.js?body=1" for 127.0.0.1 at 2016-12-14 11:13:31 -0600


Started GET "/assets/application.js?body=1" for 127.0.0.1 at 2016-12-14 11:13:31 -0600


Started GET "/" for 127.0.0.1 at 2016-12-14 11:13:38 -0600
Processing by SessionsController#index as HTML
  Rendered sessions/index.html.erb within layouts/application (1.1ms)
Completed 200 OK in 31ms (Views: 30.4ms | ActiveRecord: 0.0ms)


Started GET "/assets/users.css?body=1" for 127.0.0.1 at 2016-12-14 11:13:38 -0600


Started GET "/assets/application.css?body=1" for 127.0.0.1 at 2016-12-14 11:13:38 -0600


Started GET "/assets/jquery.js?body=1" for 127.0.0.1 at 2016-12-14 11:13:38 -0600


Started GET "/assets/jquery_ujs.js?body=1" for 127.0.0.1 at 2016-12-14 11:13:38 -0600


Started GET "/assets/sessions.js?body=1" for 127.0.0.1 at 2016-12-14 11:13:38 -0600


Started GET "/assets/users.js?body=1" for 127.0.0.1 at 2016-12-14 11:13:38 -0600


Started GET "/assets/turbolinks.js?body=1" for 127.0.0.1 at 2016-12-14 11:13:38 -0600


Started GET "/assets/application.js?body=1" for 127.0.0.1 at 2016-12-14 11:13:38 -0600


Started POST "/sessions" for 127.0.0.1 at 2016-12-14 11:13:40 -0600

ActionController::RoutingError (No route matches [POST] "/sessions"):
  actionpack (4.1.8) lib/action_dispatch/middleware/debug_exceptions.rb:21:in `call'
  actionpack (4.1.8) lib/action_dispatch/middleware/show_exceptions.rb:30:in `call'
  railties (4.1.8) lib/rails/rack/logger.rb:38:in `call_app'
  railties (4.1.8) lib/rails/rack/logger.rb:20:in `block in call'
  activesupport (4.1.8) lib/active_support/tagged_logging.rb:68:in `block in tagged'
  activesupport (4.1.8) lib/active_support/tagged_logging.rb:26:in `tagged'
  activesupport (4.1.8) lib/active_support/tagged_logging.rb:68:in `tagged'
  railties (4.1.8) lib/rails/rack/logger.rb:20:in `call'
  actionpack (4.1.8) lib/action_dispatch/middleware/request_id.rb:21:in `call'
  rack (1.5.5) lib/rack/methodoverride.rb:21:in `call'
  rack (1.5.5) lib/rack/runtime.rb:17:in `call'
  activesupport (4.1.8) lib/active_support/cache/strategy/local_cache_middleware.rb:26:in `call'
  rack (1.5.5) lib/rack/lock.rb:17:in `call'
  actionpack (4.1.8) lib/action_dispatch/middleware/static.rb:84:in `call'
  rack (1.5.5) lib/rack/sendfile.rb:112:in `call'
  railties (4.1.8) lib/rails/engine.rb:514:in `call'
  railties (4.1.8) lib/rails/application.rb:144:in `call'
  rack (1.5.5) lib/rack/lock.rb:17:in `call'
  rack (1.5.5) lib/rack/content_length.rb:14:in `call'
  rack (1.5.5) lib/rack/handler/webrick.rb:60:in `service'
  /Users/shinyitan/.rvm/rubies/ruby-2.2.4/lib/ruby/2.2.0/webrick/httpserver.rb:138:in `service'
  /Users/shinyitan/.rvm/rubies/ruby-2.2.4/lib/ruby/2.2.0/webrick/httpserver.rb:94:in `run'
  /Users/shinyitan/.rvm/rubies/ruby-2.2.4/lib/ruby/2.2.0/webrick/server.rb:294:in `block in start_thread'


  Rendered /Users/shinyitan/.rvm/gems/ruby-2.2.4/gems/actionpack-4.1.8/lib/action_dispatch/middleware/templates/rescues/_trace.html.erb (1.0ms)
  Rendered /Users/shinyitan/.rvm/gems/ruby-2.2.4/gems/actionpack-4.1.8/lib/action_dispatch/middleware/templates/routes/_route.html.erb (1.1ms)
  Rendered /Users/shinyitan/.rvm/gems/ruby-2.2.4/gems/actionpack-4.1.8/lib/action_dispatch/middleware/templates/routes/_table.html.erb (15.3ms)
  Rendered /Users/shinyitan/.rvm/gems/ruby-2.2.4/gems/actionpack-4.1.8/lib/action_dispatch/middleware/templates/rescues/routing_error.html.erb within rescues/layout (79.4ms)


Started POST "/sessions" for 127.0.0.1 at 2016-12-14 11:14:01 -0600
Processing by SessionsController#create as HTML
  Parameters: {"authenticity_token"=>"hYGgnwtmRju1mla1X2Dk6lZbPMiO1/bUPUrNH6ZNGdE=", "login"=>{"email"=>"", "password"=>"[FILTERED]"}}
  [1m[35mUser Load (0.7ms)[0m  SELECT  "users".* FROM "users"  WHERE "users"."email" = '' LIMIT 1
Redirected to http://localhost:3000/
Completed 302 Found in 14ms (ActiveRecord: 1.7ms)


Started GET "/" for 127.0.0.1 at 2016-12-14 11:14:01 -0600
Processing by SessionsController#index as HTML
  Rendered sessions/index.html.erb within layouts/application (1.1ms)
Completed 200 OK in 28ms (Views: 27.8ms | ActiveRecord: 0.0ms)


Started GET "/assets/application.css?body=1" for 127.0.0.1 at 2016-12-14 11:14:01 -0600


Started GET "/assets/users.css?body=1" for 127.0.0.1 at 2016-12-14 11:14:01 -0600


Started GET "/assets/jquery.js?body=1" for 127.0.0.1 at 2016-12-14 11:14:01 -0600


Started GET "/assets/jquery_ujs.js?body=1" for 127.0.0.1 at 2016-12-14 11:14:01 -0600


Started GET "/assets/turbolinks.js?body=1" for 127.0.0.1 at 2016-12-14 11:14:01 -0600


Started GET "/assets/sessions.js?body=1" for 127.0.0.1 at 2016-12-14 11:14:01 -0600


Started GET "/assets/users.js?body=1" for 127.0.0.1 at 2016-12-14 11:14:01 -0600


Started GET "/assets/application.js?body=1" for 127.0.0.1 at 2016-12-14 11:14:01 -0600


Started POST "/users" for 127.0.0.1 at 2016-12-14 11:14:03 -0600
Processing by UsersController#create as HTML
  Parameters: {"authenticity_token"=>"hYGgnwtmRju1mla1X2Dk6lZbPMiO1/bUPUrNH6ZNGdE=", "user"=>{"first_name"=>"", "last_name"=>"", "email"=>"", "city"=>"", "state"=>"AL", "birthday"=>"", "description"=>"", "password"=>"[FILTERED]", "password_confirmation"=>"[FILTERED]"}}
  [1m[36m (0.1ms)[0m  [1mBEGIN[0m
  [1m[35mUser Exists (0.3ms)[0m  SELECT  1 AS one FROM "users"  WHERE "users"."email" = '' LIMIT 1
  [1m[36m (5.7ms)[0m  [1mROLLBACK[0m
Redirected to http://localhost:3000/
Completed 302 Found in 758ms (ActiveRecord: 6.8ms)


Started GET "/" for 127.0.0.1 at 2016-12-14 11:14:04 -0600
Processing by SessionsController#index as HTML
  Rendered sessions/index.html.erb within layouts/application (0.5ms)
Completed 200 OK in 32ms (Views: 31.3ms | ActiveRecord: 0.0ms)


Started GET "/assets/users.css?body=1" for 127.0.0.1 at 2016-12-14 11:14:04 -0600


Started GET "/assets/application.css?body=1" for 127.0.0.1 at 2016-12-14 11:14:04 -0600


Started GET "/assets/jquery_ujs.js?body=1" for 127.0.0.1 at 2016-12-14 11:14:04 -0600


Started GET "/assets/jquery.js?body=1" for 127.0.0.1 at 2016-12-14 11:14:04 -0600


Started GET "/assets/turbolinks.js?body=1" for 127.0.0.1 at 2016-12-14 11:14:04 -0600


Started GET "/assets/users.js?body=1" for 127.0.0.1 at 2016-12-14 11:14:04 -0600


Started GET "/assets/sessions.js?body=1" for 127.0.0.1 at 2016-12-14 11:14:04 -0600


Started GET "/assets/application.js?body=1" for 127.0.0.1 at 2016-12-14 11:14:04 -0600


Started POST "/users" for 127.0.0.1 at 2016-12-14 11:15:01 -0600
Processing by UsersController#create as HTML
  Parameters: {"authenticity_token"=>"hYGgnwtmRju1mla1X2Dk6lZbPMiO1/bUPUrNH6ZNGdE=", "user"=>{"first_name"=>"test", "last_name"=>"test", "email"=>"test@test.com", "city"=>"Dallas", "state"=>"TX", "birthday"=>"1994-01-01", "description"=>"asdjkfl", "password"=>"[FILTERED]", "password_confirmation"=>"[FILTERED]"}}
  [1m[35m (0.1ms)[0m  BEGIN
  [1m[36mUser Exists (0.3ms)[0m  [1mSELECT  1 AS one FROM "users"  WHERE "users"."email" = 'test@test.com' LIMIT 1[0m
  [1m[35mSQL (6.9ms)[0m  INSERT INTO "users" ("birthday", "city", "created_at", "description", "email", "first_name", "last_name", "password_digest", "state", "updated_at") VALUES ($1, $2, $3, $4, $5, $6, $7, $8, $9, $10) RETURNING "id"  [["birthday", "1994-01-01 00:00:00.000000"], ["city", "Dallas"], ["created_at", "2016-12-14 17:15:01.304830"], ["description", "asdjkfl"], ["email", "test@test.com"], ["first_name", "test"], ["last_name", "test"], ["password_digest", "$2a$10$m30Z5pCLWEsFghY6p1D.5OlWkTK4gTaHk1bZsAEAslNdwOOP5E0bS"], ["state", "TX"], ["updated_at", "2016-12-14 17:15:01.304830"]]
  [1m[36m (6.4ms)[0m  [1mCOMMIT[0m
Completed 500 Internal Server Error in 104ms

ActionView::MissingTemplate (Missing template users/create, application/create with {:locale=>[:en], :formats=>[:html], :variants=>[], :handlers=>[:erb, :builder, :raw, :ruby, :coffee, :jbuilder]}. Searched in:
  * "/Users/shinyitan/Documents/CodingDojo/BELT_EXAM/app/views"
):
  actionview (4.1.8) lib/action_view/path_set.rb:46:in `find'
  actionview (4.1.8) lib/action_view/lookup_context.rb:124:in `find'
  actionview (4.1.8) lib/action_view/renderer/abstract_renderer.rb:18:in `find_template'
  actionview (4.1.8) lib/action_view/renderer/template_renderer.rb:41:in `determine_template'
  actionview (4.1.8) lib/action_view/renderer/template_renderer.rb:8:in `render'
  actionview (4.1.8) lib/action_view/renderer/renderer.rb:42:in `render_template'
  actionview (4.1.8) lib/action_view/renderer/renderer.rb:23:in `render'
  actionview (4.1.8) lib/action_view/rendering.rb:99:in `_render_template'
  actionpack (4.1.8) lib/action_controller/metal/streaming.rb:217:in `_render_template'
  actionview (4.1.8) lib/action_view/rendering.rb:82:in `render_to_body'
  actionpack (4.1.8) lib/action_controller/metal/rendering.rb:32:in `render_to_body'
  actionpack (4.1.8) lib/action_controller/metal/renderers.rb:32:in `render_to_body'
  actionpack (4.1.8) lib/abstract_controller/rendering.rb:25:in `render'
  actionpack (4.1.8) lib/action_controller/metal/rendering.rb:16:in `render'
  actionpack (4.1.8) lib/action_controller/metal/instrumentation.rb:41:in `block (2 levels) in render'
  activesupport (4.1.8) lib/active_support/core_ext/benchmark.rb:12:in `block in ms'
  /Users/shinyitan/.rvm/rubies/ruby-2.2.4/lib/ruby/2.2.0/benchmark.rb:303:in `realtime'
  activesupport (4.1.8) lib/active_support/core_ext/benchmark.rb:12:in `ms'
  actionpack (4.1.8) lib/action_controller/metal/instrumentation.rb:41:in `block in render'
  actionpack (4.1.8) lib/action_controller/metal/instrumentation.rb:84:in `cleanup_view_runtime'
  activerecord (4.1.8) lib/active_record/railties/controller_runtime.rb:25:in `cleanup_view_runtime'
  actionpack (4.1.8) lib/action_controller/metal/instrumentation.rb:40:in `render'
  actionpack (4.1.8) lib/action_controller/metal/implicit_render.rb:10:in `default_render'
  actionpack (4.1.8) lib/action_controller/metal/implicit_render.rb:5:in `send_action'
  actionpack (4.1.8) lib/abstract_controller/base.rb:189:in `process_action'
  actionpack (4.1.8) lib/action_controller/metal/rendering.rb:10:in `process_action'
  actionpack (4.1.8) lib/abstract_controller/callbacks.rb:20:in `block in process_action'
  activesupport (4.1.8) lib/active_support/callbacks.rb:113:in `call'
  activesupport (4.1.8) lib/active_support/callbacks.rb:113:in `call'
  activesupport (4.1.8) lib/active_support/callbacks.rb:229:in `block in halting'
  activesupport (4.1.8) lib/active_support/callbacks.rb:166:in `call'
  activesupport (4.1.8) lib/active_support/callbacks.rb:166:in `block in halting'
  activesupport (4.1.8) lib/active_support/callbacks.rb:166:in `call'
  activesupport (4.1.8) lib/active_support/callbacks.rb:166:in `block in halting'
  activesupport (4.1.8) lib/active_support/callbacks.rb:86:in `call'
  activesupport (4.1.8) lib/active_support/callbacks.rb:86:in `run_callbacks'
  actionpack (4.1.8) lib/abstract_controller/callbacks.rb:19:in `process_action'
  actionpack (4.1.8) lib/action_controller/metal/rescue.rb:29:in `process_action'
  actionpack (4.1.8) lib/action_controller/metal/instrumentation.rb:31:in `block in process_action'
  activesupport (4.1.8) lib/active_support/notifications.rb:159:in `block in instrument'
  activesupport (4.1.8) lib/active_support/notifications/instrumenter.rb:20:in `instrument'
  activesupport (4.1.8) lib/active_support/notifications.rb:159:in `instrument'
  actionpack (4.1.8) lib/action_controller/metal/instrumentation.rb:30:in `process_action'
  actionpack (4.1.8) lib/action_controller/metal/params_wrapper.rb:250:in `process_action'
  activerecord (4.1.8) lib/active_record/railties/controller_runtime.rb:18:in `process_action'
  actionpack (4.1.8) lib/abstract_controller/base.rb:136:in `process'
  actionview (4.1.8) lib/action_view/rendering.rb:30:in `process'
  actionpack (4.1.8) lib/action_controller/metal.rb:196:in `dispatch'
  actionpack (4.1.8) lib/action_controller/metal/rack_delegation.rb:13:in `dispatch'
  actionpack (4.1.8) lib/action_controller/metal.rb:232:in `block in action'
  actionpack (4.1.8) lib/action_dispatch/routing/route_set.rb:82:in `call'
  actionpack (4.1.8) lib/action_dispatch/routing/route_set.rb:82:in `dispatch'
  actionpack (4.1.8) lib/action_dispatch/routing/route_set.rb:50:in `call'
  actionpack (4.1.8) lib/action_dispatch/journey/router.rb:73:in `block in call'
  actionpack (4.1.8) lib/action_dispatch/journey/router.rb:59:in `each'
  actionpack (4.1.8) lib/action_dispatch/journey/router.rb:59:in `call'
  actionpack (4.1.8) lib/action_dispatch/routing/route_set.rb:678:in `call'
  rack (1.5.5) lib/rack/etag.rb:23:in `call'
  rack (1.5.5) lib/rack/conditionalget.rb:35:in `call'
  rack (1.5.5) lib/rack/head.rb:11:in `call'
  actionpack (4.1.8) lib/action_dispatch/middleware/params_parser.rb:27:in `call'
  actionpack (4.1.8) lib/action_dispatch/middleware/flash.rb:254:in `call'
  rack (1.5.5) lib/rack/session/abstract/id.rb:225:in `context'
  rack (1.5.5) lib/rack/session/abstract/id.rb:220:in `call'
  actionpack (4.1.8) lib/action_dispatch/middleware/cookies.rb:560:in `call'
  activerecord (4.1.8) lib/active_record/query_cache.rb:36:in `call'
  activerecord (4.1.8) lib/active_record/connection_adapters/abstract/connection_pool.rb:621:in `call'
  activerecord (4.1.8) lib/active_record/migration.rb:380:in `call'
  actionpack (4.1.8) lib/action_dispatch/middleware/callbacks.rb:29:in `block in call'
  activesupport (4.1.8) lib/active_support/callbacks.rb:82:in `run_callbacks'
  actionpack (4.1.8) lib/action_dispatch/middleware/callbacks.rb:27:in `call'
  actionpack (4.1.8) lib/action_dispatch/middleware/reloader.rb:73:in `call'
  actionpack (4.1.8) lib/action_dispatch/middleware/remote_ip.rb:76:in `call'
  actionpack (4.1.8) lib/action_dispatch/middleware/debug_exceptions.rb:17:in `call'
  actionpack (4.1.8) lib/action_dispatch/middleware/show_exceptions.rb:30:in `call'
  railties (4.1.8) lib/rails/rack/logger.rb:38:in `call_app'
  railties (4.1.8) lib/rails/rack/logger.rb:20:in `block in call'
  activesupport (4.1.8) lib/active_support/tagged_logging.rb:68:in `block in tagged'
  activesupport (4.1.8) lib/active_support/tagged_logging.rb:26:in `tagged'
  activesupport (4.1.8) lib/active_support/tagged_logging.rb:68:in `tagged'
  railties (4.1.8) lib/rails/rack/logger.rb:20:in `call'
  actionpack (4.1.8) lib/action_dispatch/middleware/request_id.rb:21:in `call'
  rack (1.5.5) lib/rack/methodoverride.rb:21:in `call'
  rack (1.5.5) lib/rack/runtime.rb:17:in `call'
  activesupport (4.1.8) lib/active_support/cache/strategy/local_cache_middleware.rb:26:in `call'
  rack (1.5.5) lib/rack/lock.rb:17:in `call'
  actionpack (4.1.8) lib/action_dispatch/middleware/static.rb:84:in `call'
  rack (1.5.5) lib/rack/sendfile.rb:112:in `call'
  railties (4.1.8) lib/rails/engine.rb:514:in `call'
  railties (4.1.8) lib/rails/application.rb:144:in `call'
  rack (1.5.5) lib/rack/lock.rb:17:in `call'
  rack (1.5.5) lib/rack/content_length.rb:14:in `call'
  rack (1.5.5) lib/rack/handler/webrick.rb:60:in `service'
  /Users/shinyitan/.rvm/rubies/ruby-2.2.4/lib/ruby/2.2.0/webrick/httpserver.rb:138:in `service'
  /Users/shinyitan/.rvm/rubies/ruby-2.2.4/lib/ruby/2.2.0/webrick/httpserver.rb:94:in `run'
  /Users/shinyitan/.rvm/rubies/ruby-2.2.4/lib/ruby/2.2.0/webrick/server.rb:294:in `block in start_thread'


  Rendered /Users/shinyitan/.rvm/gems/ruby-2.2.4/gems/actionpack-4.1.8/lib/action_dispatch/middleware/templates/rescues/missing_template.html.erb within rescues/layout (0.5ms)
